[0m16:11:05  Running with dbt=1.11.2
[0m16:11:06  Registered adapter: athena=1.8.2
[0m16:11:06  Found 8 models, 37 data tests, 6 sources, 605 macros
[0m16:11:06  
[0m16:11:06  Concurrency: 4 threads (target='dev')
[0m16:11:06  
[0m16:11:08  1 of 22 START test dbt_utils_source_accepted_range_raw_retailops_raw_sales_quantity_sold__1  [RUN]
[0m16:11:08  2 of 22 START test dbt_utils_source_accepted_range_raw_retailops_raw_suppliers_on_time_rate__1__0  [RUN]
[0m16:11:08  3 of 22 START test source_accepted_values_raw_retailops_raw_products_is_active__true__false__True__False  [RUN]
[0m16:11:08  4 of 22 START test source_not_null_raw_retailops_raw_inventory_product_id ...... [RUN]
[0m16:11:10  2 of 22 PASS dbt_utils_source_accepted_range_raw_retailops_raw_suppliers_on_time_rate__1__0  [[32mPASS[0m in 2.78s]
[0m16:11:10  5 of 22 START test source_not_null_raw_retailops_raw_inventory_snapshot_date ... [RUN]
[0m16:11:11  1 of 22 PASS dbt_utils_source_accepted_range_raw_retailops_raw_sales_quantity_sold__1  [[32mPASS[0m in 3.69s]
[0m16:11:11  6 of 22 START test source_not_null_raw_retailops_raw_inventory_store_id ........ [RUN]
[0m16:11:11  4 of 22 PASS source_not_null_raw_retailops_raw_inventory_product_id ............ [[32mPASS[0m in 3.74s]
[0m16:11:11  7 of 22 START test source_not_null_raw_retailops_raw_products_product_id ....... [RUN]
[0m16:11:14  7 of 22 PASS source_not_null_raw_retailops_raw_products_product_id ............. [[32mPASS[0m in 2.25s]
[0m16:11:14  8 of 22 START test source_not_null_raw_retailops_raw_sales_product_id .......... [RUN]
[0m16:11:14  6 of 22 PASS source_not_null_raw_retailops_raw_inventory_store_id .............. [[32mPASS[0m in 3.13s]
[0m16:11:14  9 of 22 START test source_not_null_raw_retailops_raw_sales_quantity_sold ....... [RUN]
[0m16:11:17  9 of 22 PASS source_not_null_raw_retailops_raw_sales_quantity_sold ............. [[32mPASS[0m in 3.02s]
[0m16:11:17  10 of 22 START test source_not_null_raw_retailops_raw_sales_sale_date .......... [RUN]
[0m16:11:18  8 of 22 PASS source_not_null_raw_retailops_raw_sales_product_id ................ [[32mPASS[0m in 4.02s]
[0m16:11:18  11 of 22 START test source_not_null_raw_retailops_raw_sales_sale_id ............ [RUN]
[0m16:11:21  11 of 22 PASS source_not_null_raw_retailops_raw_sales_sale_id .................. [[32mPASS[0m in 3.22s]
[0m16:11:21  12 of 22 START test source_not_null_raw_retailops_raw_sales_store_id ........... [RUN]
[0m16:11:24  12 of 22 PASS source_not_null_raw_retailops_raw_sales_store_id ................. [[32mPASS[0m in 3.07s]
[0m16:11:24  13 of 22 START test source_not_null_raw_retailops_raw_sales_total_amount ....... [RUN]
[0m16:11:28  13 of 22 PASS source_not_null_raw_retailops_raw_sales_total_amount ............. [[32mPASS[0m in 4.20s]
[0m16:11:28  14 of 22 START test source_not_null_raw_retailops_raw_shipments_shipment_id .... [RUN]
[0m16:11:31  14 of 22 PASS source_not_null_raw_retailops_raw_shipments_shipment_id .......... [[32mPASS[0m in 2.97s]
[0m16:11:31  15 of 22 START test source_not_null_raw_retailops_raw_shipments_supplier_id .... [RUN]
[0m16:11:33  15 of 22 PASS source_not_null_raw_retailops_raw_shipments_supplier_id .......... [[32mPASS[0m in 2.19s]
[0m16:11:33  16 of 22 START test source_not_null_raw_retailops_raw_stores_store_id .......... [RUN]
[0m16:11:35  16 of 22 PASS source_not_null_raw_retailops_raw_stores_store_id ................ [[32mPASS[0m in 1.98s]
[0m16:11:35  17 of 22 START test source_not_null_raw_retailops_raw_suppliers_supplier_id .... [RUN]
[0m16:11:37  17 of 22 PASS source_not_null_raw_retailops_raw_suppliers_supplier_id .......... [[32mPASS[0m in 1.98s]
[0m16:11:37  18 of 22 START test source_unique_raw_retailops_raw_products_product_id ........ [RUN]
[0m16:11:40  18 of 22 PASS source_unique_raw_retailops_raw_products_product_id .............. [[32mPASS[0m in 2.52s]
[0m16:11:40  19 of 22 START test source_unique_raw_retailops_raw_sales_sale_id .............. [RUN]
[0m16:11:43  19 of 22 PASS source_unique_raw_retailops_raw_sales_sale_id .................... [[32mPASS[0m in 3.23s]
[0m16:11:43  20 of 22 START test source_unique_raw_retailops_raw_shipments_shipment_id ...... [RUN]
[0m16:11:46  20 of 22 FAIL 29 source_unique_raw_retailops_raw_shipments_shipment_id ......... [[31mFAIL 29[0m in 3.33s]
[0m16:11:46  21 of 22 START test source_unique_raw_retailops_raw_stores_store_id ............ [RUN]
[0m16:11:48  21 of 22 PASS source_unique_raw_retailops_raw_stores_store_id .................. [[32mPASS[0m in 1.96s]
[0m16:11:48  22 of 22 START test source_unique_raw_retailops_raw_suppliers_supplier_id ...... [RUN]
[0m16:11:50  22 of 22 PASS source_unique_raw_retailops_raw_suppliers_supplier_id ............ [[32mPASS[0m in 1.99s]
[0m16:11:54  3 of 22 ERROR source_accepted_values_raw_retailops_raw_products_is_active__true__false__True__False  [[31mERROR[0m in 46.33s]
[0m16:12:41  5 of 22 ERROR source_not_null_raw_retailops_raw_inventory_snapshot_date ........ [[31mERROR[0m in 90.64s]
[0m16:13:32  10 of 22 ERROR source_not_null_raw_retailops_raw_sales_sale_date ............... [[31mERROR[0m in 134.37s]
[0m16:13:32  
[0m16:13:32  Finished running 22 data tests in 0 hours 2 minutes and 25.77 seconds (145.77s).
[0m16:13:32  
[0m16:13:32  [31mCompleted with 4 errors, 0 partial successes, and 0 warnings:[0m
[0m16:13:32  
[0m16:13:32  [31mFailure in test source_unique_raw_retailops_raw_shipments_shipment_id (models/staging/_sources.yml)[0m
[0m16:13:32    Got 29 results, configured to fail if != 0
[0m16:13:32  
[0m16:13:32    compiled code at target/compiled/retailops_athena/models/staging/_sources.yml/source_unique_raw_retailops_raw_shipments_shipment_id.sql
[0m16:13:32  
[0m16:13:32  [31mFailure in test source_accepted_values_raw_retailops_raw_products_is_active__true__false__True__False (models/staging/_sources.yml)[0m
[0m16:13:32    Runtime Error in test source_accepted_values_raw_retailops_raw_products_is_active__true__false__True__False (models/staging/_sources.yml)
  TYPE_MISMATCH: line 25:5: IN value and list items must be the same type or coercible to a common type. Cannot find common type between boolean and varchar(4), all types (without duplicates): [boolean, varchar(4), varchar(5)]
[0m16:13:32  
[0m16:13:32    compiled code at target/compiled/retailops_athena/models/staging/_sources.yml/source_accepted_values_raw_ret_573fa21642cee7bd124b7351635b0ce7.sql
[0m16:13:32  
[0m16:13:32  [31mFailure in test source_not_null_raw_retailops_raw_inventory_snapshot_date (models/staging/_sources.yml)[0m
[0m16:13:32    Runtime Error in test source_not_null_raw_retailops_raw_inventory_snapshot_date (models/staging/_sources.yml)
  BAD_DATA: Error parsing column 'snapshot_date' with value '2024-07-16' with error: 'java.lang.NumberFormatException: For input string: "2024-07-16"'. Please remove or correct the data in this file: s3://retailops-data-lake-eu-west-2/raw/inventory/dt=2024-07-16/inventory_20240716.csv. To treat invalid data as null to avoid this error, add the table property 'use.null.for.invalid.data' = 'true' to the table containing the invalid data. Please see https://docs.aws.amazon.com/athena/latest/ug/csv-serde.html for more details and contact AWS Support
[0m16:13:32  
[0m16:13:32    compiled code at target/compiled/retailops_athena/models/staging/_sources.yml/source_not_null_raw_retailops_raw_inventory_snapshot_date.sql
[0m16:13:32  
[0m16:13:32  [31mFailure in test source_not_null_raw_retailops_raw_sales_sale_date (models/staging/_sources.yml)[0m
[0m16:13:32    Runtime Error in test source_not_null_raw_retailops_raw_sales_sale_date (models/staging/_sources.yml)
  BAD_DATA: Error parsing column 'sale_date' with value '2024-12-02' with error: 'java.lang.NumberFormatException: For input string: "2024-12-02"'. Please remove or correct the data in this file: s3://retailops-data-lake-eu-west-2/raw/sales/dt=2024-12-02/sales_20241202.csv. To treat invalid data as null to avoid this error, add the table property 'use.null.for.invalid.data' = 'true' to the table containing the invalid data. Please see https://docs.aws.amazon.com/athena/latest/ug/csv-serde.html for more details and contact AWS Support
[0m16:13:32  
[0m16:13:32    compiled code at target/compiled/retailops_athena/models/staging/_sources.yml/source_not_null_raw_retailops_raw_sales_sale_date.sql
[0m16:13:32  
[0m16:13:32  Done. PASS=18 WARN=0 ERROR=4 SKIP=0 NO-OP=0 TOTAL=22
